1c1
< This is METAFONT-FPC, 2nd ed. (preloaded base=trap 2020.10.20)  20 OCT 2020 09:21
---
> This is METAFONT, Version 2.7182818 (preloaded base=trap 2014.1.7)  7 JAN 2014 18:11
76a77
> 
1824c1825
< String usage 24&92 (860&11374 still untouched)
---
> String usage 24&92 (858&11309 still untouched)
3692,3694c3693,3695
< xpart %CAPSULE1370=xx
< %CAPSULE1378=2yy-2
< %CAPSULE1386 = 3.3333xx+3.3333
---
> xpart %CAPSULE1359=xx
> %CAPSULE1367=2yy-2
> %CAPSULE1375 = 3.3333xx+3.3333
3754,3756c3755,3757
< xpart %CAPSULE604 = 8000o2-4000o1+1000o3+9
< xpart %CAPSULE1394=xpart '
< ypart %CAPSULE1394=ypart '
---
> xpart %CAPSULE1049 = 8000o2-4000o1+1000o3+9
> xpart %CAPSULE1383=xpart '
> ypart %CAPSULE1383=ypart '
3759,3760c3760,3761
< ### 4000o1 = -xpart %CAPSULE604+8000o2+1000o3+9
< ### -4.87383o2 = -oo-0.0004xpart %CAPSULE604+0.39673o3-17.99643
---
> ### 4000o1 = -xpart %CAPSULE1049+8000o2+1000o3+9
> ### -4.87383o2 = -oo-0.0004xpart %CAPSULE1049+0.39673o3-17.99643
3767c3768
< ### -alfa=-xpart %CAPSULE368
---
> ### -alfa=-xpart %CAPSULE1494
3769,3770c3770,3771
< {xpart((xpart %CAPSULE368,0))}
< ### -xpart %CAPSULE17=-%CAPSULE1376
---
> {xpart((xpart %CAPSULE1494,0))}
> ### -xpart %CAPSULE17=-%CAPSULE1176
3772,3774c3773,3775
< {(%CAPSULE382)+(%CAPSULE1376)}
< ### -%CAPSULE382=-%CAPSULE1364+%CAPSULE1376
< ### -%CAPSULE1364=-ypart %CAPSULE604
---
> {(%CAPSULE382)+(%CAPSULE1176)}
> ### -%CAPSULE382=-%CAPSULE1893+%CAPSULE1176
> ### -%CAPSULE1893=-ypart %CAPSULE1049
3779c3780
< ### p$=-ypart %CAPSULE1360+1
---
> ### p$=-ypart %CAPSULE604+1
3781,3792c3782,3793
< {(2/3)*((-ypart %CAPSULE1360+1,ypart %CAPSULE1360))}
< ### ypart %CAPSULE1360=-xpart %CAPSULE1360+1
< ### -0.66667xpart %CAPSULE1360=-xpart %CAPSULE1744
< {-((xpart %CAPSULE1744,-xpart %CAPSULE1744+0.66667))}
< ### xpart %CAPSULE1744=-xpart %CAPSULE1675
< {((xpart %CAPSULE604,ypart %CAPSULE604))=((xpart %CAPSULE1675,-xpart %CA
< PSULE1675-0.66667))}
< ## xpart %CAPSULE1675=-ypart %CAPSULE604-0.66667
< ## ypart %CAPSULE604=-xpart %CAPSULE604-0.66667
< ### -xpart %CAPSULE604=-xpart %CAPSULE1675
< {((xpart ',ypart '))=((xpart %CAPSULE1675,-xpart %CAPSULE1675-0.66667))}
< ## xpart %CAPSULE1675=-ypart '-0.66667
---
> {(2/3)*((-ypart %CAPSULE604+1,ypart %CAPSULE604))}
> ### ypart %CAPSULE604=-xpart %CAPSULE604+1
> ### -0.66667xpart %CAPSULE604=-xpart %CAPSULE1889
> {-((xpart %CAPSULE1889,-xpart %CAPSULE1889+0.66667))}
> ### xpart %CAPSULE1889=-xpart %CAPSULE1172
> {((xpart %CAPSULE1049,ypart %CAPSULE1049))=((xpart %CAPSULE1172,-xpart %
> CAPSULE1172-0.66667))}
> ## xpart %CAPSULE1172=-ypart %CAPSULE1049-0.66667
> ## ypart %CAPSULE1049=-xpart %CAPSULE1049-0.66667
> ### -xpart %CAPSULE1049=-xpart %CAPSULE1172
> {((xpart ',ypart '))=((xpart %CAPSULE1172,-xpart %CAPSULE1172-0.66667))}
> ## xpart %CAPSULE1172=-ypart '-0.66667
3798c3799
< ### -ooo=-%CAPSULE1051
---
> ### -ooo=-%CAPSULE1494
3800,3809c3801,3810
< {(%CAPSULE1051)+(1)}
< ### -%CAPSULE1051=-%CAPSULE1378+1
< {(1/2)*(%CAPSULE1378)}
< ### -0.5%CAPSULE1378=-%CAPSULE1370
< {-(%CAPSULE1370)}
< ### %CAPSULE1370=-%CAPSULE1362
< {(2)*(%CAPSULE1362)}
< ### -2%CAPSULE1362=-%CAPSULE1354
< {(-0.5%CAPSULE1354-0.5)=(%CAPSULE1354)}
< ## %CAPSULE1354=-0.33333
---
> {(%CAPSULE1494)+(1)}
> ### -%CAPSULE1494=-%CAPSULE1350+1
> {(1/2)*(%CAPSULE1350)}
> ### -0.5%CAPSULE1350=-%CAPSULE1367
> {-(%CAPSULE1367)}
> ### %CAPSULE1367=-%CAPSULE1893
> {(2)*(%CAPSULE1893)}
> ### -2%CAPSULE1893=-%CAPSULE1885
> {(-0.5%CAPSULE1885-0.5)=(%CAPSULE1885)}
> ## %CAPSULE1885=-0.33333
3965a3967
> 
4233c4235
< String usage 41&161 (817&7699 still untouched)
---
> String usage 41&161 (815&7634 still untouched)
4249,4250c4251,4252
<  68 strings out of 885
<  3752 string characters out of 11451
---
>  68 strings out of 883
>  3752 string characters out of 11386
